# JRE version: OpenJDK Runtime Environment 18.9 (11.0.14.1+1) (build 11.0.14.1+1)
# Java VM: OpenJDK 64-Bit Server VM 18.9 (11.0.14.1+1, mixed mode, tiered, compressed oops, g1 gc, windows-amd64)
Heap:
 garbage-first heap   total 382976K, used 170818K [0x0000000701a00000, 0x0000000800000000)
  region size 1024K, 140 young (143360K), 8 survivors (8192K)
 Metaspace       used 72314K, capacity 73573K, committed 73876K, reserved 1114112K
  class space    used 9046K, capacity 9551K, committed 9676K, reserved 1048576K
GC Heap History (20 events):
Event: 0.609 GC heap before
{Heap before GC invocations=0 (full 0):
 garbage-first heap   total 262144K, used 17408K [0x0000000701a00000, 0x0000000800000000)
  region size 1024K, 14 young (14336K), 0 survivors (0K)
 Metaspace       used 8242K, capacity 8354K, committed 8576K, reserved 1056768K
  class space    used 735K, capacity 781K, committed 896K, reserved 1048576K
}
Event: 0.613 GC heap after
{Heap after GC invocations=1 (full 0):
 garbage-first heap   total 262144K, used 10726K [0x0000000701a00000, 0x0000000800000000)
  region size 1024K, 2 young (2048K), 2 survivors (2048K)
 Metaspace       used 8242K, capacity 8354K, committed 8576K, reserved 1056768K
  class space    used 735K, capacity 781K, committed 896K, reserved 1048576K
}
Event: 0.856 GC heap before
{Heap before GC invocations=1 (full 0):
 garbage-first heap   total 262144K, used 20966K [0x0000000701a00000, 0x0000000800000000)
  region size 1024K, 12 young (12288K), 2 survivors (2048K)
 Metaspace       used 11686K, capacity 11879K, committed 12032K, reserved 1060864K
  class space    used 1165K, capacity 1230K, committed 1280K, reserved 1048576K
}
Event: 0.859 GC heap after
{Heap after GC invocations=2 (full 0):
 garbage-first heap   total 262144K, used 11565K [0x0000000701a00000, 0x0000000800000000)
  region size 1024K, 1 young (1024K), 1 survivors (1024K)
 Metaspace       used 11686K, capacity 11879K, committed 12032K, reserved 1060864K
  class space    used 1165K, capacity 1230K, committed 1280K, reserved 1048576K
}
Event: 1.102 GC heap before
{Heap before GC invocations=2 (full 0):
 garbage-first heap   total 262144K, used 33069K [0x0000000701a00000, 0x0000000800000000)
  region size 1024K, 23 young (23552K), 1 survivors (1024K)
 Metaspace       used 15144K, capacity 15391K, committed 15488K, reserved 1062912K
  class space    used 1500K, capacity 1587K, committed 1664K, reserved 1048576K
}
Event: 1.104 GC heap after
{Heap after GC invocations=3 (full 0):
 garbage-first heap   total 262144K, used 12129K [0x0000000701a00000, 0x0000000800000000)
  region size 1024K, 2 young (2048K), 2 survivors (2048K)
 Metaspace       used 15144K, capacity 15391K, committed 15488K, reserved 1062912K
  class space    used 1500K, capacity 1587K, committed 1664K, reserved 1048576K
}
Event: 1.586 GC heap before
{Heap before GC invocations=3 (full 0):
 garbage-first heap   total 262144K, used 30561K [0x0000000701a00000, 0x0000000800000000)
  region size 1024K, 21 young (21504K), 2 survivors (2048K)
 Metaspace       used 20830K, capacity 21128K, committed 21296K, reserved 1069056K
  class space    used 2197K, capacity 2328K, committed 2432K, reserved 1048576K
}
Event: 1.593 GC heap after
{Heap after GC invocations=4 (full 0):
 garbage-first heap   total 262144K, used 14167K [0x0000000701a00000, 0x0000000800000000)
  region size 1024K, 4 young (4096K), 4 survivors (4096K)
 Metaspace       used 20830K, capacity 21128K, committed 21296K, reserved 1069056K
  class space    used 2197K, capacity 2328K, committed 2432K, reserved 1048576K
}
Event: 2.118 GC heap before
{Heap before GC invocations=5 (full 0):
 garbage-first heap   total 262144K, used 54103K [0x0000000701a00000, 0x0000000800000000)
  region size 1024K, 44 young (45056K), 4 survivors (4096K)
 Metaspace       used 26483K, capacity 27013K, committed 27312K, reserved 1073152K
  class space    used 3010K, capacity 3235K, committed 3328K, reserved 1048576K
}
Event: 2.124 GC heap after
{Heap after GC invocations=6 (full 0):
 garbage-first heap   total 262144K, used 15789K [0x0000000701a00000, 0x0000000800000000)
  region size 1024K, 5 young (5120K), 5 survivors (5120K)
 Metaspace       used 26483K, capacity 27013K, committed 27312K, reserved 1073152K
  class space    used 3010K, capacity 3235K, committed 3328K, reserved 1048576K
}
Event: 3.672 GC heap before
{Heap before GC invocations=6 (full 0):
 garbage-first heap   total 262144K, used 94637K [0x0000000701a00000, 0x0000000800000000)
  region size 1024K, 82 young (83968K), 5 survivors (5120K)
 Metaspace       used 33609K, capacity 34345K, committed 34608K, reserved 1079296K
  class space    used 3890K, capacity 4186K, committed 4224K, reserved 1048576K
}
Event: 3.684 GC heap after
{Heap after GC invocations=7 (full 0):
 garbage-first heap   total 315392K, used 18940K [0x0000000701a00000, 0x0000000800000000)
  region size 1024K, 8 young (8192K), 8 survivors (8192K)
 Metaspace       used 33609K, capacity 34345K, committed 34608K, reserved 1079296K
  class space    used 3890K, capacity 4186K, committed 4224K, reserved 1048576K
}
Event: 4.121 GC heap before
{Heap before GC invocations=7 (full 0):
 garbage-first heap   total 315392K, used 66044K [0x0000000701a00000, 0x0000000800000000)
  region size 1024K, 55 young (56320K), 8 survivors (8192K)
 Metaspace       used 35032K, capacity 35763K, committed 35920K, reserved 1081344K
  class space    used 4037K, capacity 4337K, committed 4352K, reserved 1048576K
}
Event: 4.136 GC heap after
{Heap after GC invocations=8 (full 0):
 garbage-first heap   total 315392K, used 21673K [0x0000000701a00000, 0x0000000800000000)
  region size 1024K, 10 young (10240K), 10 survivors (10240K)
 Metaspace       used 35032K, capacity 35763K, committed 35920K, reserved 1081344K
  class space    used 4037K, capacity 4337K, committed 4352K, reserved 1048576K
}
Event: 6.245 GC heap before
{Heap before GC invocations=9 (full 0):
 garbage-first heap   total 315392K, used 199849K [0x0000000701a00000, 0x0000000800000000)
  region size 1024K, 184 young (188416K), 10 survivors (10240K)
 Metaspace       used 45906K, capacity 46930K, committed 47184K, reserved 1091584K
  class space    used 5402K, capacity 5796K, committed 5888K, reserved 1048576K
}
Event: 6.266 GC heap after
{Heap after GC invocations=10 (full 0):
 garbage-first heap   total 315392K, used 29654K [0x0000000701a00000, 0x0000000800000000)
  region size 1024K, 18 young (18432K), 18 survivors (18432K)
 Metaspace       used 45906K, capacity 46930K, committed 47184K, reserved 1091584K
  class space    used 5402K, capacity 5796K, committed 5888K, reserved 1048576K
}
Event: 8.199 GC heap before
{Heap before GC invocations=10 (full 0):
 garbage-first heap   total 315392K, used 199638K [0x0000000701a00000, 0x0000000800000000)
  region size 1024K, 184 young (188416K), 18 survivors (18432K)
 Metaspace       used 54800K, capacity 55952K, committed 56144K, reserved 1097728K
  class space    used 6560K, capacity 7041K, committed 7168K, reserved 1048576K
}
Event: 8.223 GC heap after
{Heap after GC invocations=11 (full 0):
 garbage-first heap   total 315392K, used 34807K [0x0000000701a00000, 0x0000000800000000)
  region size 1024K, 16 young (16384K), 16 survivors (16384K)
 Metaspace       used 54800K, capacity 55952K, committed 56144K, reserved 1097728K
  class space    used 6560K, capacity 7041K, committed 7168K, reserved 1048576K
}
Event: 9.193 GC heap before
{Heap before GC invocations=11 (full 0):
 garbage-first heap   total 315392K, used 119799K [0x0000000701a00000, 0x0000000800000000)
  region size 1024K, 100 young (102400K), 16 survivors (16384K)
 Metaspace       used 58712K, capacity 59969K, committed 60080K, reserved 1101824K
  class space    used 6978K, capacity 7478K, committed 7552K, reserved 1048576K
}
Event: 9.222 GC heap after
{Heap after GC invocations=12 (full 0):
 garbage-first heap   total 382976K, used 36674K [0x0000000701a00000, 0x0000000800000000)
  region size 1024K, 8 young (8192K), 8 survivors (8192K)
 Metaspace       used 58712K, capacity 59969K, committed 60080K, reserved 1101824K
  class space    used 6978K, capacity 7478K, committed 7552K, reserved 1048576K
}

